<?xml version="1.0" encoding="UTF-8"?>
<testng-results skipped="0" failed="0" ignored="0" total="0" passed="0">
  <reporter-output>
  </reporter-output>
  <suite name="Suite" duration-ms="6305" started-at="2022-08-16T01:39:09 IST" finished-at="2022-08-16T01:39:15 IST">
    <groups>
    </groups>
    <test name="Test" duration-ms="6305" started-at="2022-08-16T01:39:09 IST" finished-at="2022-08-16T01:39:15 IST">
      <class name="seleniumTest.TestClass">
        <test-method status="PASS" signature="setUp()[pri:0, instance:seleniumTest.TestClass@18bf3d14]" name="setUp" is-config="true" duration-ms="5460" started-at="2022-08-16T01:39:09 IST" finished-at="2022-08-16T01:39:14 IST">
          <reporter-output>
          </reporter-output>
        </test-method> <!-- setUp -->
        <test-method status="PASS" signature="tearDown()[pri:0, instance:seleniumTest.TestClass@18bf3d14]" name="tearDown" is-config="true" duration-ms="823" started-at="2022-08-16T01:39:14 IST" finished-at="2022-08-16T01:39:15 IST">
          <reporter-output>
          </reporter-output>
        </test-method> <!-- tearDown -->
      </class> <!-- seleniumTest.TestClass -->
    </test> <!-- Test -->
  </suite> <!-- Suite -->
</testng-results>
